nohup: ignoring input
Fetching NASA index...
--------------------------------------------------
>>> SEARCHING FOR WEEK 82...
Found: lat_spacecraft_weekly_w082_p310_v001.fits">lat_spacecraft_weekly_w082_p310_v001.fits
Downloading...
Calculating Livetime Cube...
Cleaning up lat_spacecraft_weekly_w082_p310_v001.fits">lat_spacecraft_weekly_w082_p310_v001.fits...
--------------------------------------------------
>>> SEARCHING FOR WEEK 107...
Found: lat_spacecraft_weekly_w107_p310_v001.fits">lat_spacecraft_weekly_w107_p310_v001.fits
Downloading...
Calculating Livetime Cube...
Cleaning up lat_spacecraft_weekly_w107_p310_v001.fits">lat_spacecraft_weekly_w107_p310_v001.fits...
--------------------------------------------------
>>> SEARCHING FOR WEEK 134...
Found: lat_spacecraft_weekly_w134_p310_v001.fits">lat_spacecraft_weekly_w134_p310_v001.fits
Downloading...
Calculating Livetime Cube...
Cleaning up lat_spacecraft_weekly_w134_p310_v001.fits">lat_spacecraft_weekly_w134_p310_v001.fits...
--------------------------------------------------
>>> SEARCHING FOR WEEK 142...
Found: lat_spacecraft_weekly_w142_p310_v001.fits">lat_spacecraft_weekly_w142_p310_v001.fits
Downloading...
Calculating Livetime Cube...
Cleaning up lat_spacecraft_weekly_w142_p310_v001.fits">lat_spacecraft_weekly_w142_p310_v001.fits...
--------------------------------------------------
>>> SEARCHING FOR WEEK 144...
Found: lat_spacecraft_weekly_w144_p310_v001.fits">lat_spacecraft_weekly_w144_p310_v001.fits
Downloading...
Calculating Livetime Cube...
Cleaning up lat_spacecraft_weekly_w144_p310_v001.fits">lat_spacecraft_weekly_w144_p310_v001.fits...
--------------------------------------------------
>>> SEARCHING FOR WEEK 150...
Found: lat_spacecraft_weekly_w150_p310_v001.fits">lat_spacecraft_weekly_w150_p310_v001.fits
Downloading...
Calculating Livetime Cube...
Cleaning up lat_spacecraft_weekly_w150_p310_v001.fits">lat_spacecraft_weekly_w150_p310_v001.fits...
--------------------------------------------------
>>> SEARCHING FOR WEEK 164...
Found: lat_spacecraft_weekly_w164_p310_v001.fits">lat_spacecraft_weekly_w164_p310_v001.fits
Downloading...
Calculating Livetime Cube...
Cleaning up lat_spacecraft_weekly_w164_p310_v001.fits">lat_spacecraft_weekly_w164_p310_v001.fits...
--------------------------------------------------
>>> SEARCHING FOR WEEK 168...
Found: lat_spacecraft_weekly_w168_p310_v001.fits">lat_spacecraft_weekly_w168_p310_v001.fits
Downloading...
Calculating Livetime Cube...
Cleaning up lat_spacecraft_weekly_w168_p310_v001.fits">lat_spacecraft_weekly_w168_p310_v001.fits...
--------------------------------------------------
>>> SEARCHING FOR WEEK 170...
Found: lat_spacecraft_weekly_w170_p310_v001.fits">lat_spacecraft_weekly_w170_p310_v001.fits
Downloading...
Calculating Livetime Cube...
Cleaning up lat_spacecraft_weekly_w170_p310_v001.fits">lat_spacecraft_weekly_w170_p310_v001.fits...
--------------------------------------------------
>>> SEARCHING FOR WEEK 185...
Found: lat_spacecraft_weekly_w185_p310_v001.fits">lat_spacecraft_weekly_w185_p310_v001.fits
Downloading...
Calculating Livetime Cube...
Cleaning up lat_spacecraft_weekly_w185_p310_v001.fits">lat_spacecraft_weekly_w185_p310_v001.fits...
--------------------------------------------------
>>> SEARCHING FOR WEEK 187...
Found: lat_spacecraft_weekly_w187_p310_v001.fits">lat_spacecraft_weekly_w187_p310_v001.fits
Downloading...
Calculating Livetime Cube...
Cleaning up lat_spacecraft_weekly_w187_p310_v001.fits">lat_spacecraft_weekly_w187_p310_v001.fits...
--------------------------------------------------
>>> SEARCHING FOR WEEK 194...
Found: lat_spacecraft_weekly_w194_p310_v001.fits">lat_spacecraft_weekly_w194_p310_v001.fits
Downloading...
Calculating Livetime Cube...
Cleaning up lat_spacecraft_weekly_w194_p310_v001.fits">lat_spacecraft_weekly_w194_p310_v001.fits...
--------------------------------------------------
>>> SEARCHING FOR WEEK 195...
Found: lat_spacecraft_weekly_w195_p310_v001.fits">lat_spacecraft_weekly_w195_p310_v001.fits
Downloading...
Calculating Livetime Cube...
Cleaning up lat_spacecraft_weekly_w195_p310_v001.fits">lat_spacecraft_weekly_w195_p310_v001.fits...
--------------------------------------------------
>>> SEARCHING FOR WEEK 203...
Found: lat_spacecraft_weekly_w203_p310_v001.fits">lat_spacecraft_weekly_w203_p310_v001.fits
Downloading...
Calculating Livetime Cube...
Cleaning up lat_spacecraft_weekly_w203_p310_v001.fits">lat_spacecraft_weekly_w203_p310_v001.fits...
--------------------------------------------------
>>> SEARCHING FOR WEEK 211...
Found: lat_spacecraft_weekly_w211_p310_v001.fits">lat_spacecraft_weekly_w211_p310_v001.fits
Downloading...
Calculating Livetime Cube...
Cleaning up lat_spacecraft_weekly_w211_p310_v001.fits">lat_spacecraft_weekly_w211_p310_v001.fits...
--------------------------------------------------
>>> SEARCHING FOR WEEK 212...
Found: lat_spacecraft_weekly_w212_p310_v001.fits">lat_spacecraft_weekly_w212_p310_v001.fits
Downloading...
Calculating Livetime Cube...
Cleaning up lat_spacecraft_weekly_w212_p310_v001.fits">lat_spacecraft_weekly_w212_p310_v001.fits...
--------------------------------------------------
>>> SEARCHING FOR WEEK 214...
Found: lat_spacecraft_weekly_w214_p310_v001.fits">lat_spacecraft_weekly_w214_p310_v001.fits
Downloading...
Calculating Livetime Cube...
Cleaning up lat_spacecraft_weekly_w214_p310_v001.fits">lat_spacecraft_weekly_w214_p310_v001.fits...
--------------------------------------------------
>>> SEARCHING FOR WEEK 217...
Found: lat_spacecraft_weekly_w217_p310_v001.fits">lat_spacecraft_weekly_w217_p310_v001.fits
Downloading...
Calculating Livetime Cube...
Cleaning up lat_spacecraft_weekly_w217_p310_v001.fits">lat_spacecraft_weekly_w217_p310_v001.fits...
--------------------------------------------------
>>> SEARCHING FOR WEEK 219...
Found: lat_spacecraft_weekly_w219_p310_v001.fits">lat_spacecraft_weekly_w219_p310_v001.fits
Downloading...
Calculating Livetime Cube...
Cleaning up lat_spacecraft_weekly_w219_p310_v001.fits">lat_spacecraft_weekly_w219_p310_v001.fits...
--------------------------------------------------
>>> SEARCHING FOR WEEK 222...
Found: lat_spacecraft_weekly_w222_p310_v001.fits">lat_spacecraft_weekly_w222_p310_v001.fits
Downloading...
Calculating Livetime Cube...
Cleaning up lat_spacecraft_weekly_w222_p310_v001.fits">lat_spacecraft_weekly_w222_p310_v001.fits...
--------------------------------------------------
>>> SEARCHING FOR WEEK 230...
Found: lat_spacecraft_weekly_w230_p310_v001.fits">lat_spacecraft_weekly_w230_p310_v001.fits
Downloading...
Calculating Livetime Cube...
Cleaning up lat_spacecraft_weekly_w230_p310_v001.fits">lat_spacecraft_weekly_w230_p310_v001.fits...
--------------------------------------------------
>>> SEARCHING FOR WEEK 256...
Found: lat_spacecraft_weekly_w256_p310_v001.fits">lat_spacecraft_weekly_w256_p310_v001.fits
Downloading...
Calculating Livetime Cube...
Cleaning up lat_spacecraft_weekly_w256_p310_v001.fits">lat_spacecraft_weekly_w256_p310_v001.fits...
--------------------------------------------------
>>> SEARCHING FOR WEEK 260...
Found: lat_spacecraft_weekly_w260_p310_v001.fits">lat_spacecraft_weekly_w260_p310_v001.fits
Downloading...
Calculating Livetime Cube...
Cleaning up lat_spacecraft_weekly_w260_p310_v001.fits">lat_spacecraft_weekly_w260_p310_v001.fits...
--------------------------------------------------
>>> SEARCHING FOR WEEK 275...
Found: lat_spacecraft_weekly_w275_p310_v001.fits">lat_spacecraft_weekly_w275_p310_v001.fits
Downloading...
Calculating Livetime Cube...
Cleaning up lat_spacecraft_weekly_w275_p310_v001.fits">lat_spacecraft_weekly_w275_p310_v001.fits...
--------------------------------------------------
>>> SEARCHING FOR WEEK 280...
Found: lat_spacecraft_weekly_w280_p310_v001.fits">lat_spacecraft_weekly_w280_p310_v001.fits
Downloading...
Calculating Livetime Cube...
Cleaning up lat_spacecraft_weekly_w280_p310_v001.fits">lat_spacecraft_weekly_w280_p310_v001.fits...
--------------------------------------------------
>>> SEARCHING FOR WEEK 281...
Found: lat_spacecraft_weekly_w281_p310_v001.fits">lat_spacecraft_weekly_w281_p310_v001.fits
Downloading...
Calculating Livetime Cube...
Cleaning up lat_spacecraft_weekly_w281_p310_v001.fits">lat_spacecraft_weekly_w281_p310_v001.fits...
--------------------------------------------------
>>> SEARCHING FOR WEEK 285...
Found: lat_spacecraft_weekly_w285_p310_v001.fits">lat_spacecraft_weekly_w285_p310_v001.fits
Downloading...
Calculating Livetime Cube...
Cleaning up lat_spacecraft_weekly_w285_p310_v001.fits">lat_spacecraft_weekly_w285_p310_v001.fits...
--------------------------------------------------
>>> SEARCHING FOR WEEK 287...
Found: lat_spacecraft_weekly_w287_p310_v001.fits">lat_spacecraft_weekly_w287_p310_v001.fits
Downloading...
Calculating Livetime Cube...
Cleaning up lat_spacecraft_weekly_w287_p310_v001.fits">lat_spacecraft_weekly_w287_p310_v001.fits...
--------------------------------------------------
>>> SEARCHING FOR WEEK 297...
Found: lat_spacecraft_weekly_w297_p310_v001.fits">lat_spacecraft_weekly_w297_p310_v001.fits
Downloading...
Calculating Livetime Cube...
Cleaning up lat_spacecraft_weekly_w297_p310_v001.fits">lat_spacecraft_weekly_w297_p310_v001.fits...
--------------------------------------------------
>>> SEARCHING FOR WEEK 298...
Found: lat_spacecraft_weekly_w298_p310_v001.fits">lat_spacecraft_weekly_w298_p310_v001.fits
Downloading...
Calculating Livetime Cube...
Cleaning up lat_spacecraft_weekly_w298_p310_v001.fits">lat_spacecraft_weekly_w298_p310_v001.fits...
--------------------------------------------------
>>> SEARCHING FOR WEEK 301...
Found: lat_spacecraft_weekly_w301_p310_v001.fits">lat_spacecraft_weekly_w301_p310_v001.fits
Downloading...
Calculating Livetime Cube...
Cleaning up lat_spacecraft_weekly_w301_p310_v001.fits">lat_spacecraft_weekly_w301_p310_v001.fits...
--------------------------------------------------
>>> SEARCHING FOR WEEK 313...
Found: lat_spacecraft_weekly_w313_p310_v001.fits">lat_spacecraft_weekly_w313_p310_v001.fits
Downloading...
Calculating Livetime Cube...
Cleaning up lat_spacecraft_weekly_w313_p310_v001.fits">lat_spacecraft_weekly_w313_p310_v001.fits...
--------------------------------------------------
>>> SEARCHING FOR WEEK 319...
Found: lat_spacecraft_weekly_w319_p310_v001.fits">lat_spacecraft_weekly_w319_p310_v001.fits
Downloading...
Calculating Livetime Cube...
Cleaning up lat_spacecraft_weekly_w319_p310_v001.fits">lat_spacecraft_weekly_w319_p310_v001.fits...
--------------------------------------------------
>>> SEARCHING FOR WEEK 321...
Found: lat_spacecraft_weekly_w321_p310_v001.fits">lat_spacecraft_weekly_w321_p310_v001.fits
Downloading...
Calculating Livetime Cube...
Cleaning up lat_spacecraft_weekly_w321_p310_v001.fits">lat_spacecraft_weekly_w321_p310_v001.fits...
--------------------------------------------------
>>> SEARCHING FOR WEEK 324...
Found: lat_spacecraft_weekly_w324_p310_v001.fits">lat_spacecraft_weekly_w324_p310_v001.fits
Downloading...
Calculating Livetime Cube...
Cleaning up lat_spacecraft_weekly_w324_p310_v001.fits">lat_spacecraft_weekly_w324_p310_v001.fits...
--------------------------------------------------
>>> SEARCHING FOR WEEK 325...
Found: lat_spacecraft_weekly_w325_p310_v001.fits">lat_spacecraft_weekly_w325_p310_v001.fits
Downloading...
Calculating Livetime Cube...
Cleaning up lat_spacecraft_weekly_w325_p310_v001.fits">lat_spacecraft_weekly_w325_p310_v001.fits...
--------------------------------------------------
>>> SEARCHING FOR WEEK 356...
Found: lat_spacecraft_weekly_w356_p310_v001.fits">lat_spacecraft_weekly_w356_p310_v001.fits
Downloading...
Calculating Livetime Cube...
Cleaning up lat_spacecraft_weekly_w356_p310_v001.fits">lat_spacecraft_weekly_w356_p310_v001.fits...
--------------------------------------------------
>>> SEARCHING FOR WEEK 363...
Found: lat_spacecraft_weekly_w363_p310_v001.fits">lat_spacecraft_weekly_w363_p310_v001.fits
Downloading...
Calculating Livetime Cube...
Cleaning up lat_spacecraft_weekly_w363_p310_v001.fits">lat_spacecraft_weekly_w363_p310_v001.fits...
--------------------------------------------------
>>> SEARCHING FOR WEEK 370...
Found: lat_spacecraft_weekly_w370_p310_v001.fits">lat_spacecraft_weekly_w370_p310_v001.fits
Downloading...
Calculating Livetime Cube...
Cleaning up lat_spacecraft_weekly_w370_p310_v001.fits">lat_spacecraft_weekly_w370_p310_v001.fits...
--------------------------------------------------
>>> SEARCHING FOR WEEK 375...
Found: lat_spacecraft_weekly_w375_p310_v001.fits">lat_spacecraft_weekly_w375_p310_v001.fits
Downloading...
Calculating Livetime Cube...
Cleaning up lat_spacecraft_weekly_w375_p310_v001.fits">lat_spacecraft_weekly_w375_p310_v001.fits...
--------------------------------------------------
>>> SEARCHING FOR WEEK 381...
Found: lat_spacecraft_weekly_w381_p310_v001.fits">lat_spacecraft_weekly_w381_p310_v001.fits
Downloading...
Calculating Livetime Cube...
Cleaning up lat_spacecraft_weekly_w381_p310_v001.fits">lat_spacecraft_weekly_w381_p310_v001.fits...
--------------------------------------------------
>>> SEARCHING FOR WEEK 482...
Found: lat_spacecraft_weekly_w482_p310_v001.fits">lat_spacecraft_weekly_w482_p310_v001.fits
Downloading...
Calculating Livetime Cube...
Cleaning up lat_spacecraft_weekly_w482_p310_v001.fits">lat_spacecraft_weekly_w482_p310_v001.fits...
--------------------------------------------------
>>> SEARCHING FOR WEEK 483...
Found: lat_spacecraft_weekly_w483_p310_v001.fits">lat_spacecraft_weekly_w483_p310_v001.fits
Downloading...
Calculating Livetime Cube...
Cleaning up lat_spacecraft_weekly_w483_p310_v001.fits">lat_spacecraft_weekly_w483_p310_v001.fits...
--------------------------------------------------
>>> SEARCHING FOR WEEK 506...
Found: lat_spacecraft_weekly_w506_p310_v001.fits">lat_spacecraft_weekly_w506_p310_v001.fits
Downloading...
Calculating Livetime Cube...
Cleaning up lat_spacecraft_weekly_w506_p310_v001.fits">lat_spacecraft_weekly_w506_p310_v001.fits...
PROCESS COMPLETE
