nohup: ignoring input
Fetching NASA index for final pass...
--------------------------------------------------
>>> FINAL FILTERING FOR WEEK 082
--------------------------------------------------
>>> FINAL FILTERING FOR WEEK 107
--------------------------------------------------
>>> FINAL FILTERING FOR WEEK 134
--------------------------------------------------
>>> FINAL FILTERING FOR WEEK 142
--------------------------------------------------
>>> FINAL FILTERING FOR WEEK 144
--------------------------------------------------
>>> FINAL FILTERING FOR WEEK 150
--------------------------------------------------
>>> FINAL FILTERING FOR WEEK 164
--------------------------------------------------
>>> FINAL FILTERING FOR WEEK 168
--------------------------------------------------
>>> FINAL FILTERING FOR WEEK 170
--------------------------------------------------
>>> FINAL FILTERING FOR WEEK 185
--------------------------------------------------
>>> FINAL FILTERING FOR WEEK 187
--------------------------------------------------
>>> FINAL FILTERING FOR WEEK 194
--------------------------------------------------
>>> FINAL FILTERING FOR WEEK 195
--------------------------------------------------
>>> FINAL FILTERING FOR WEEK 203
--------------------------------------------------
>>> FINAL FILTERING FOR WEEK 211
--------------------------------------------------
>>> FINAL FILTERING FOR WEEK 212
--------------------------------------------------
>>> FINAL FILTERING FOR WEEK 214
--------------------------------------------------
>>> FINAL FILTERING FOR WEEK 217
--------------------------------------------------
>>> FINAL FILTERING FOR WEEK 219
--------------------------------------------------
>>> FINAL FILTERING FOR WEEK 222
--------------------------------------------------
>>> FINAL FILTERING FOR WEEK 230
--------------------------------------------------
>>> FINAL FILTERING FOR WEEK 256
--------------------------------------------------
>>> FINAL FILTERING FOR WEEK 260
--------------------------------------------------
>>> FINAL FILTERING FOR WEEK 275
--------------------------------------------------
>>> FINAL FILTERING FOR WEEK 280
--------------------------------------------------
>>> FINAL FILTERING FOR WEEK 281
--------------------------------------------------
>>> FINAL FILTERING FOR WEEK 285
--------------------------------------------------
>>> FINAL FILTERING FOR WEEK 287
--------------------------------------------------
>>> FINAL FILTERING FOR WEEK 297
--------------------------------------------------
>>> FINAL FILTERING FOR WEEK 298
--------------------------------------------------
>>> FINAL FILTERING FOR WEEK 301
--------------------------------------------------
>>> FINAL FILTERING FOR WEEK 313
--------------------------------------------------
>>> FINAL FILTERING FOR WEEK 319
--------------------------------------------------
>>> FINAL FILTERING FOR WEEK 321
--------------------------------------------------
>>> FINAL FILTERING FOR WEEK 324
--------------------------------------------------
>>> FINAL FILTERING FOR WEEK 325
--------------------------------------------------
>>> FINAL FILTERING FOR WEEK 356
--------------------------------------------------
>>> FINAL FILTERING FOR WEEK 363
--------------------------------------------------
>>> FINAL FILTERING FOR WEEK 370
--------------------------------------------------
>>> FINAL FILTERING FOR WEEK 375
--------------------------------------------------
>>> FINAL FILTERING FOR WEEK 381
--------------------------------------------------
>>> FINAL FILTERING FOR WEEK 482
--------------------------------------------------
>>> FINAL FILTERING FOR WEEK 483
--------------------------------------------------
>>> FINAL FILTERING FOR WEEK 506
SOLAR FILTER COMPLETE!
